<?xml version="1.0" encoding="UTF-8"?>
<testsuite xmlns:xsi="http://www.w3.org/2001/XMLSchema-instance" xsi:noNamespaceSchemaLocation="https://maven.apache.org/surefire/maven-surefire-plugin/xsd/surefire-test-report.xsd" name="edu.psgv.sweng861.flight_app.dto.FlightDateTest" time="0.001" tests="3" errors="0" skipped="0" failures="0">
  <properties>
    <property name="java.specification.version" value="14"/>
    <property name="sun.cpu.isalist" value="amd64"/>
    <property name="sun.jnu.encoding" value="Cp1252"/>
    <property name="java.class.path" value="C:\Users\bmyer\eclipse-workspace\flight-app\target\test-classes;C:\Users\bmyer\eclipse-workspace\flight-app\target\classes;C:\Users\bmyer\.m2\repository\org\mockito\mockito-core\3.2.4\mockito-core-3.2.4.jar;C:\Users\bmyer\.m2\repository\net\bytebuddy\byte-buddy\1.10.5\byte-buddy-1.10.5.jar;C:\Users\bmyer\.m2\repository\net\bytebuddy\byte-buddy-agent\1.10.5\byte-buddy-agent-1.10.5.jar;C:\Users\bmyer\.m2\repository\org\objenesis\objenesis\2.6\objenesis-2.6.jar;C:\Users\bmyer\.m2\repository\org\mockito\mockito-all\1.8.4\mockito-all-1.8.4.jar;C:\Users\bmyer\.m2\repository\junit\junit\4.11\junit-4.11.jar;C:\Users\bmyer\.m2\repository\org\hamcrest\hamcrest-core\1.3\hamcrest-core-1.3.jar;C:\Users\bmyer\.m2\repository\javax\inject\javax.inject\1\javax.inject-1.jar;C:\Users\bmyer\.m2\repository\org\glassfish\jersey\core\jersey-server\2.17\jersey-server-2.17.jar;C:\Users\bmyer\.m2\repository\org\glassfish\jersey\core\jersey-common\2.17\jersey-common-2.17.jar;C:\Users\bmyer\.m2\repository\org\glassfish\jersey\bundles\repackaged\jersey-guava\2.17\jersey-guava-2.17.jar;C:\Users\bmyer\.m2\repository\org\glassfish\hk2\osgi-resource-locator\1.0.1\osgi-resource-locator-1.0.1.jar;C:\Users\bmyer\.m2\repository\org\glassfish\jersey\core\jersey-client\2.17\jersey-client-2.17.jar;C:\Users\bmyer\.m2\repository\javax\ws\rs\javax.ws.rs-api\2.0.1\javax.ws.rs-api-2.0.1.jar;C:\Users\bmyer\.m2\repository\org\glassfish\jersey\media\jersey-media-jaxb\2.17\jersey-media-jaxb-2.17.jar;C:\Users\bmyer\.m2\repository\javax\annotation\javax.annotation-api\1.2\javax.annotation-api-1.2.jar;C:\Users\bmyer\.m2\repository\org\glassfish\hk2\hk2-api\2.4.0-b10\hk2-api-2.4.0-b10.jar;C:\Users\bmyer\.m2\repository\org\glassfish\hk2\hk2-utils\2.4.0-b10\hk2-utils-2.4.0-b10.jar;C:\Users\bmyer\.m2\repository\org\glassfish\hk2\external\aopalliance-repackaged\2.4.0-b10\aopalliance-repackaged-2.4.0-b10.jar;C:\Users\bmyer\.m2\repository\org\glassfish\hk2\external\javax.inject\2.4.0-b10\javax.inject-2.4.0-b10.jar;C:\Users\bmyer\.m2\repository\org\glassfish\hk2\hk2-locator\2.4.0-b10\hk2-locator-2.4.0-b10.jar;C:\Users\bmyer\.m2\repository\org\javassist\javassist\3.18.1-GA\javassist-3.18.1-GA.jar;C:\Users\bmyer\.m2\repository\javax\validation\validation-api\1.1.0.Final\validation-api-1.1.0.Final.jar;C:\Users\bmyer\.m2\repository\org\glassfish\jersey\containers\jersey-container-servlet-core\2.17\jersey-container-servlet-core-2.17.jar;C:\Users\bmyer\.m2\repository\javax\activation\activation\1.1.1\activation-1.1.1.jar;C:\Users\bmyer\.m2\repository\org\glassfish\jaxb\jaxb-runtime\2.3.2\jaxb-runtime-2.3.2.jar;C:\Users\bmyer\.m2\repository\org\glassfish\jaxb\txw2\2.3.2\txw2-2.3.2.jar;C:\Users\bmyer\.m2\repository\com\sun\istack\istack-commons-runtime\3.0.8\istack-commons-runtime-3.0.8.jar;C:\Users\bmyer\.m2\repository\org\jvnet\staxex\stax-ex\1.8.1\stax-ex-1.8.1.jar;C:\Users\bmyer\.m2\repository\com\sun\xml\fastinfoset\FastInfoset\1.2.16\FastInfoset-1.2.16.jar;C:\Users\bmyer\.m2\repository\jakarta\activation\jakarta.activation-api\1.2.1\jakarta.activation-api-1.2.1.jar;C:\Users\bmyer\.m2\repository\jakarta\xml\bind\jakarta.xml.bind-api\2.3.2\jakarta.xml.bind-api-2.3.2.jar;C:\Users\bmyer\.m2\repository\com\fasterxml\jackson\core\jackson-databind\2.13.3\jackson-databind-2.13.3.jar;C:\Users\bmyer\.m2\repository\com\fasterxml\jackson\core\jackson-annotations\2.13.3\jackson-annotations-2.13.3.jar;C:\Users\bmyer\.m2\repository\com\fasterxml\jackson\core\jackson-core\2.13.3\jackson-core-2.13.3.jar;C:\Users\bmyer\.m2\repository\org\openjfx\javafx-swing\19\javafx-swing-19.jar;C:\Users\bmyer\.m2\repository\org\openjfx\javafx-swing\19\javafx-swing-19-win.jar;C:\Users\bmyer\.m2\repository\org\openjfx\javafx-graphics\19\javafx-graphics-19.jar;C:\Users\bmyer\.m2\repository\org\openjfx\javafx-graphics\19\javafx-graphics-19-win.jar;C:\Users\bmyer\.m2\repository\org\openjfx\javafx-base\19\javafx-base-19.jar;C:\Users\bmyer\.m2\repository\org\openjfx\javafx-base\19\javafx-base-19-win.jar;C:\Users\bmyer\.m2\repository\org\swinglabs\swingx\1.6.1\swingx-1.6.1.jar;C:\Users\bmyer\.m2\repository\com\jhlabs\filters\2.0.235\filters-2.0.235.jar;C:\Users\bmyer\.m2\repository\org\swinglabs\swing-worker\1.1\swing-worker-1.1.jar;"/>
    <property name="java.vm.vendor" value="Oracle Corporation"/>
    <property name="sun.arch.data.model" value="64"/>
    <property name="user.variant" value=""/>
    <property name="java.vendor.url" value="https://java.oracle.com/"/>
    <property name="user.timezone" value="America/New_York"/>
    <property name="os.name" value="Windows 10"/>
    <property name="java.vm.specification.version" value="14"/>
    <property name="sun.java.launcher" value="SUN_STANDARD"/>
    <property name="user.country" value="US"/>
    <property name="sun.boot.library.path" value="C:\Program Files\Java\jdk-14.0.2\bin"/>
    <property name="sun.java.command" value="C:\Users\bmyer\AppData\Local\Temp\surefire15339902761929467391\surefirebooter5135505807078395814.jar C:\Users\bmyer\AppData\Local\Temp\surefire15339902761929467391 2022-09-19T19-52-52_299-jvmRun1 surefire18014966687785198580tmp surefire_05023074731154765990tmp"/>
    <property name="jdk.debug" value="release"/>
    <property name="surefire.test.class.path" value="C:\Users\bmyer\eclipse-workspace\flight-app\target\test-classes;C:\Users\bmyer\eclipse-workspace\flight-app\target\classes;C:\Users\bmyer\.m2\repository\org\mockito\mockito-core\3.2.4\mockito-core-3.2.4.jar;C:\Users\bmyer\.m2\repository\net\bytebuddy\byte-buddy\1.10.5\byte-buddy-1.10.5.jar;C:\Users\bmyer\.m2\repository\net\bytebuddy\byte-buddy-agent\1.10.5\byte-buddy-agent-1.10.5.jar;C:\Users\bmyer\.m2\repository\org\objenesis\objenesis\2.6\objenesis-2.6.jar;C:\Users\bmyer\.m2\repository\org\mockito\mockito-all\1.8.4\mockito-all-1.8.4.jar;C:\Users\bmyer\.m2\repository\junit\junit\4.11\junit-4.11.jar;C:\Users\bmyer\.m2\repository\org\hamcrest\hamcrest-core\1.3\hamcrest-core-1.3.jar;C:\Users\bmyer\.m2\repository\javax\inject\javax.inject\1\javax.inject-1.jar;C:\Users\bmyer\.m2\repository\org\glassfish\jersey\core\jersey-server\2.17\jersey-server-2.17.jar;C:\Users\bmyer\.m2\repository\org\glassfish\jersey\core\jersey-common\2.17\jersey-common-2.17.jar;C:\Users\bmyer\.m2\repository\org\glassfish\jersey\bundles\repackaged\jersey-guava\2.17\jersey-guava-2.17.jar;C:\Users\bmyer\.m2\repository\org\glassfish\hk2\osgi-resource-locator\1.0.1\osgi-resource-locator-1.0.1.jar;C:\Users\bmyer\.m2\repository\org\glassfish\jersey\core\jersey-client\2.17\jersey-client-2.17.jar;C:\Users\bmyer\.m2\repository\javax\ws\rs\javax.ws.rs-api\2.0.1\javax.ws.rs-api-2.0.1.jar;C:\Users\bmyer\.m2\repository\org\glassfish\jersey\media\jersey-media-jaxb\2.17\jersey-media-jaxb-2.17.jar;C:\Users\bmyer\.m2\repository\javax\annotation\javax.annotation-api\1.2\javax.annotation-api-1.2.jar;C:\Users\bmyer\.m2\repository\org\glassfish\hk2\hk2-api\2.4.0-b10\hk2-api-2.4.0-b10.jar;C:\Users\bmyer\.m2\repository\org\glassfish\hk2\hk2-utils\2.4.0-b10\hk2-utils-2.4.0-b10.jar;C:\Users\bmyer\.m2\repository\org\glassfish\hk2\external\aopalliance-repackaged\2.4.0-b10\aopalliance-repackaged-2.4.0-b10.jar;C:\Users\bmyer\.m2\repository\org\glassfish\hk2\external\javax.inject\2.4.0-b10\javax.inject-2.4.0-b10.jar;C:\Users\bmyer\.m2\repository\org\glassfish\hk2\hk2-locator\2.4.0-b10\hk2-locator-2.4.0-b10.jar;C:\Users\bmyer\.m2\repository\org\javassist\javassist\3.18.1-GA\javassist-3.18.1-GA.jar;C:\Users\bmyer\.m2\repository\javax\validation\validation-api\1.1.0.Final\validation-api-1.1.0.Final.jar;C:\Users\bmyer\.m2\repository\org\glassfish\jersey\containers\jersey-container-servlet-core\2.17\jersey-container-servlet-core-2.17.jar;C:\Users\bmyer\.m2\repository\javax\activation\activation\1.1.1\activation-1.1.1.jar;C:\Users\bmyer\.m2\repository\org\glassfish\jaxb\jaxb-runtime\2.3.2\jaxb-runtime-2.3.2.jar;C:\Users\bmyer\.m2\repository\org\glassfish\jaxb\txw2\2.3.2\txw2-2.3.2.jar;C:\Users\bmyer\.m2\repository\com\sun\istack\istack-commons-runtime\3.0.8\istack-commons-runtime-3.0.8.jar;C:\Users\bmyer\.m2\repository\org\jvnet\staxex\stax-ex\1.8.1\stax-ex-1.8.1.jar;C:\Users\bmyer\.m2\repository\com\sun\xml\fastinfoset\FastInfoset\1.2.16\FastInfoset-1.2.16.jar;C:\Users\bmyer\.m2\repository\jakarta\activation\jakarta.activation-api\1.2.1\jakarta.activation-api-1.2.1.jar;C:\Users\bmyer\.m2\repository\jakarta\xml\bind\jakarta.xml.bind-api\2.3.2\jakarta.xml.bind-api-2.3.2.jar;C:\Users\bmyer\.m2\repository\com\fasterxml\jackson\core\jackson-databind\2.13.3\jackson-databind-2.13.3.jar;C:\Users\bmyer\.m2\repository\com\fasterxml\jackson\core\jackson-annotations\2.13.3\jackson-annotations-2.13.3.jar;C:\Users\bmyer\.m2\repository\com\fasterxml\jackson\core\jackson-core\2.13.3\jackson-core-2.13.3.jar;C:\Users\bmyer\.m2\repository\org\openjfx\javafx-swing\19\javafx-swing-19.jar;C:\Users\bmyer\.m2\repository\org\openjfx\javafx-swing\19\javafx-swing-19-win.jar;C:\Users\bmyer\.m2\repository\org\openjfx\javafx-graphics\19\javafx-graphics-19.jar;C:\Users\bmyer\.m2\repository\org\openjfx\javafx-graphics\19\javafx-graphics-19-win.jar;C:\Users\bmyer\.m2\repository\org\openjfx\javafx-base\19\javafx-base-19.jar;C:\Users\bmyer\.m2\repository\org\openjfx\javafx-base\19\javafx-base-19-win.jar;C:\Users\bmyer\.m2\repository\org\swinglabs\swingx\1.6.1\swingx-1.6.1.jar;C:\Users\bmyer\.m2\repository\com\jhlabs\filters\2.0.235\filters-2.0.235.jar;C:\Users\bmyer\.m2\repository\org\swinglabs\swing-worker\1.1\swing-worker-1.1.jar;"/>
    <property name="sun.cpu.endian" value="little"/>
    <property name="user.home" value="C:\Users\bmyer"/>
    <property name="user.language" value="en"/>
    <property name="java.specification.vendor" value="Oracle Corporation"/>
    <property name="java.version.date" value="2020-07-14"/>
    <property name="java.home" value="C:\Program Files\Java\jdk-14.0.2"/>
    <property name="file.separator" value="\"/>
    <property name="basedir" value="C:\Users\bmyer\eclipse-workspace\flight-app"/>
    <property name="java.vm.compressedOopsMode" value="Zero based"/>
    <property name="line.separator" value="&#10;"/>
    <property name="java.vm.specification.vendor" value="Oracle Corporation"/>
    <property name="java.specification.name" value="Java Platform API Specification"/>
    <property name="surefire.real.class.path" value="C:\Users\bmyer\AppData\Local\Temp\surefire15339902761929467391\surefirebooter5135505807078395814.jar"/>
    <property name="user.script" value=""/>
    <property name="sun.management.compiler" value="HotSpot 64-Bit Tiered Compilers"/>
    <property name="java.runtime.version" value="14.0.2+12-46"/>
    <property name="user.name" value="bmyer"/>
    <property name="path.separator" value=";"/>
    <property name="os.version" value="10.0"/>
    <property name="java.runtime.name" value="Java(TM) SE Runtime Environment"/>
    <property name="file.encoding" value="Cp1252"/>
    <property name="java.vm.name" value="Java HotSpot(TM) 64-Bit Server VM"/>
    <property name="localRepository" value="C:\Users\bmyer\.m2\repository"/>
    <property name="java.vendor.url.bug" value="https://bugreport.java.com/bugreport/"/>
    <property name="java.io.tmpdir" value="C:\Users\bmyer\AppData\Local\Temp\"/>
    <property name="java.version" value="14.0.2"/>
    <property name="user.dir" value="C:\Users\bmyer\eclipse-workspace\flight-app"/>
    <property name="os.arch" value="amd64"/>
    <property name="java.vm.specification.name" value="Java Virtual Machine Specification"/>
    <property name="sun.os.patch.level" value=""/>
    <property name="java.library.path" value="C:\Program Files\Java\jdk-14.0.2\bin;C:\WINDOWS\Sun\Java\bin;C:\WINDOWS\system32;C:\WINDOWS;C:/Program Files/Java/jdk-14.0.2/bin/server;C:/Program Files/Java/jdk-14.0.2/bin;C:\ProgramData\Oracle\Java\javapath;C:\Program Files (x86)\Intel\iCLS Client\;C:\Program Files\Intel\iCLS Client\;C:\Windows\system32;C:\Windows;C:\Windows\System32\Wbem;C:\Windows\System32\WindowsPowerShell\v1.0\;C:\Program Files (x86)\Intel\Intel(R) Management Engine Components\DAL;C:\Program Files\Intel\Intel(R) Management Engine Components\DAL;C:\Program Files (x86)\Intel\Intel(R) Management Engine Components\IPT;C:\Program Files\Intel\Intel(R) Management Engine Components\IPT;C:\Program Files (x86)\NVIDIA Corporation\PhysX\Common;C:\Program Files\Intel\WiFi\bin\;C:\Program Files\Common Files\Intel\WirelessCommon\;C:\WINDOWS\system32;C:\WINDOWS;C:\WINDOWS\System32\Wbem;C:\WINDOWS\System32\WindowsPowerShell\v1.0\;C:\WINDOWS\System32\OpenSSH\;C:\Program Files\IVI Foundation\VISA\Win64\Bin\;C:\Program Files (x86)\IVI Foundation\VISA\WinNT\Bin\;C:\Program Files (x86)\IVI Foundation\VISA\WinNT\Bin;D:\bmyer\MATLAB\bin;C:\Program Files\NVIDIA Corporation\NVIDIA NvDLISR;C:\Program Files\Git\cmd;C:\WINDOWS\system32;C:\WINDOWS;C:\WINDOWS\System32\Wbem;C:\WINDOWS\System32\WindowsPowerShell\v1.0\;C:\WINDOWS\System32\OpenSSH\;C:\ProgramData\Oracle\Java\javapath;C:\Program Files (x86)\Intel\iCLS Client\;C:\Program Files\Intel\iCLS Client\;C:\Windows\system32;C:\Windows;C:\Windows\System32\Wbem;C:\Windows\System32\WindowsPowerShell\v1.0\;C:\Program Files (x86)\Intel\Intel(R) Management Engine Components\DAL;C:\Program Files\Intel\Intel(R) Management Engine Components\DAL;C:\Program Files (x86)\Intel\Intel(R) Management Engine Components\IPT;C:\Program Files\Intel\Intel(R) Management Engine Components\IPT;C:\Program Files (x86)\NVIDIA Corporation\PhysX\Common;C:\Program Files\Intel\WiFi\bin\;C:\Program Files\Common Files\Intel\WirelessCommon\;C:\WINDOWS\system32;C:\WINDOWS;C:\WINDOWS\System32\Wbem;C:\WINDOWS\System32\WindowsPowerShell\v1.0\;C:\Users\bmyer\Miniconda3;C:\Python34\Scripts;C:\Users\bmyer\AppData\Local\Microsoft\WindowsApps;C:\Users\bmyer\AppData\Local\GitHubDesktop\bin;;C:\Users\bmyer\Desktop;;."/>
    <property name="java.vm.info" value="mixed mode, sharing"/>
    <property name="java.vendor" value="Oracle Corporation"/>
    <property name="java.vm.version" value="14.0.2+12-46"/>
    <property name="sun.io.unicode.encoding" value="UnicodeLittle"/>
    <property name="java.class.version" value="58.0"/>
  </properties>
  <testcase name="testFormatSingleDay" classname="edu.psgv.sweng861.flight_app.dto.FlightDateTest" time="0"/>
  <testcase name="testFormatSingleMonth" classname="edu.psgv.sweng861.flight_app.dto.FlightDateTest" time="0"/>
  <testcase name="testFormatDoubleDigits" classname="edu.psgv.sweng861.flight_app.dto.FlightDateTest" time="0"/>
</testsuite>